<?xml version="1.0" encoding="UTF-8"?>
<testng-results ignored="0" total="2" passed="2" failed="0" skipped="0">
  <reporter-output>
  </reporter-output>
  <suite started-at="2024-01-05T13:15:11 IST" name="Default suite" finished-at="2024-01-05T13:15:11 IST" duration-ms="111">
    <groups>
    </groups>
    <test started-at="2024-01-05T13:15:11 IST" name="Default test" finished-at="2024-01-05T13:15:11 IST" duration-ms="111">
      <class name="org.testNG.com.Class1">
        <test-method signature="a()[pri:0, instance:org.testNG.com.Class1@a38c7fe]" started-at="2024-01-05T13:15:11 IST" name="a" finished-at="2024-01-05T13:15:11 IST" duration-ms="17" status="PASS">
          <reporter-output>
          </reporter-output>
        </test-method> <!-- a -->
        <test-method signature="b()[pri:0, instance:org.testNG.com.Class1@a38c7fe]" started-at="2024-01-05T13:15:11 IST" name="b" finished-at="2024-01-05T13:15:11 IST" duration-ms="3" status="PASS">
          <reporter-output>
          </reporter-output>
        </test-method> <!-- b -->
      </class> <!-- org.testNG.com.Class1 -->
    </test> <!-- Default test -->
  </suite> <!-- Default suite -->
</testng-results>
